This file contains any messages produced by compilers while
running configure, to aid debugging if configure makes a mistake.

It was created by libest configure 2.1.0p, which was
generated by GNU Autoconf 2.69.  Invocation command line was

  $ ./configure --with-ssl-dir=/usr/local/pqpki-openssl1.0.2o

## --------- ##
## Platform. ##
## --------- ##

hostname = Macintosh-109add6f31eb.local
uname -m = x86_64
uname -r = 13.4.0
uname -s = Darwin
uname -v = Darwin Kernel Version 13.4.0: Wed Mar 18 16:20:14 PDT 2015; root:xnu-2422.115.14~1/RELEASE_X86_64

/usr/bin/uname -p = i386
/bin/uname -X     = unknown

/bin/arch              = unknown
/usr/bin/arch -k       = unknown
/usr/convex/getsysinfo = unknown
/usr/bin/hostinfo      = Mach kernel version:
	 Darwin Kernel Version 13.4.0: Wed Mar 18 16:20:14 PDT 2015; root:xnu-2422.115.14~1/RELEASE_X86_64
Kernel configured for up to 4 processors.
2 processors are physically available.
4 processors are logically available.
Processor type: i486 (Intel 80486)
Processors active: 0 1 2 3
Primary memory available: 16.00 gigabytes
Default processor set: 192 tasks, 757 threads, 4 processors
Load average: 1.55, Mach factor: 2.44
/bin/machine           = unknown
/usr/bin/oslevel       = unknown
/bin/universe          = unknown

PATH: /Users/tonyblake/SPHINCS-256-py
PATH: /usr/local/opt/node@8/bin
PATH: /usr/local/bin/composer
PATH: /Users/tonyblake/fabric-tools/bin
PATH: /usr/local/opt/node@8/bin
PATH: /Users/tonyblake/Desktop/HyperLedger/fabric-samples/first-network/bin
PATH: /Users/tonyblake/anaconda3/bin
PATH: /Users/tonyblake/.yarn/bin
PATH: /Users/tonyblake/bowtie2-2.3.2-legacy
PATH: /Users/tonyblake/google-cloud-sdk/bin
PATH: /sw/bin
PATH: /sw/sbin
PATH: /Users/tonyblake/amber16/bin
PATH: /opt/local/bin
PATH: /opt/local/sbin
PATH: /opt/local/bin
PATH: /opt/local/sbin
PATH: /usr/bin
PATH: /bin
PATH: /usr/sbin
PATH: /sbin
PATH: /usr/local/bin
PATH: /opt/X11/bin
PATH: /usr/local/go/bin
PATH: /usr/local/ncbi/blast/bin
PATH: /Library/TeX/texbin
PATH: /Users/tonyblake/MUMmer3.23
PATH: /Users/tonyblake/galaxy/lib/galaxy_utils/
PATH: /Users/tonyblake/bamUtil_1.0.13/bamUtil/src
PATH: /usr/local/go/bin


## ----------- ##
## Core tests. ##
## ----------- ##

configure:2222: checking for a BSD-compatible install
configure:2290: result: /sw/bin/ginstall -c
configure:2301: checking whether build environment is sane
configure:2356: result: yes
configure:2507: checking for a thread-safe mkdir -p
configure:2546: result: /sw/bin/gmkdir -p
configure:2553: checking for gawk
configure:2583: result: no
configure:2553: checking for mawk
configure:2583: result: no
configure:2553: checking for nawk
configure:2583: result: no
configure:2553: checking for awk
configure:2569: found /usr/bin/awk
configure:2580: result: awk
configure:2591: checking whether make sets $(MAKE)
configure:2613: result: yes
configure:2642: checking whether make supports nested variables
configure:2659: result: yes
configure:2786: checking whether to enable maintainer-specific portions of Makefiles
configure:2795: result: no
configure:2972: checking for gcc
configure:2988: found /opt/local/bin/gcc
configure:2999: result: gcc
configure:3228: checking for C compiler version
configure:3237: gcc --version >&5
gcc (MacPorts gcc49 4.9.3_0) 4.9.3
Copyright (C) 2015 Free Software Foundation, Inc.
This is free software; see the source for copying conditions.  There is NO
warranty; not even for MERCHANTABILITY or FITNESS FOR A PARTICULAR PURPOSE.

configure:3248: $? = 0
configure:3237: gcc -v >&5
Using built-in specs.
COLLECT_GCC=gcc
COLLECT_LTO_WRAPPER=/opt/local/libexec/gcc/x86_64-apple-darwin13/4.9.3/lto-wrapper
Target: x86_64-apple-darwin13
Configured with: /opt/local/var/macports/build/_opt_mports_dports_lang_gcc49/gcc49/work/gcc-4.9.3/configure --prefix=/opt/local --build=x86_64-apple-darwin13 --enable-languages=c,c++,objc,obj-c++,lto,fortran,java --libdir=/opt/local/lib/gcc49 --includedir=/opt/local/include/gcc49 --infodir=/opt/local/share/info --mandir=/opt/local/share/man --datarootdir=/opt/local/share/gcc-4.9 --with-local-prefix=/opt/local --with-system-zlib --disable-nls --program-suffix=-mp-4.9 --with-gxx-include-dir=/opt/local/include/gcc49/c++/ --with-gmp=/opt/local --with-mpfr=/opt/local --with-mpc=/opt/local --with-isl=/opt/local --disable-isl-version-check --with-cloog=/opt/local --disable-cloog-version-check --enable-stage1-checking --disable-multilib --enable-lto --enable-libstdcxx-time --with-as=/opt/local/bin/as --with-ld=/opt/local/bin/ld --with-ar=/opt/local/bin/ar --with-bugurl=https://trac.macports.org/newticket --with-pkgversion='MacPorts gcc49 4.9.3_0'
Thread model: posix
gcc version 4.9.3 (MacPorts gcc49 4.9.3_0) 
configure:3248: $? = 0
configure:3237: gcc -V >&5
gcc: error: unrecognized command line option '-V'
gcc: fatal error: no input files
compilation terminated.
configure:3248: $? = 1
configure:3237: gcc -qversion >&5
gcc: error: unrecognized command line option '-qversion'
gcc: fatal error: no input files
compilation terminated.
configure:3248: $? = 1
configure:3268: checking whether the C compiler works
configure:3290: gcc    conftest.c  >&5
configure:3294: $? = 0
configure:3342: result: yes
configure:3345: checking for C compiler default output file name
configure:3347: result: a.out
configure:3353: checking for suffix of executables
configure:3360: gcc -o conftest    conftest.c  >&5
configure:3364: $? = 0
configure:3386: result: 
configure:3408: checking whether we are cross compiling
configure:3416: gcc -o conftest    conftest.c  >&5
configure:3420: $? = 0
configure:3427: ./conftest
configure:3431: $? = 0
configure:3446: result: no
configure:3451: checking for suffix of object files
configure:3473: gcc -c   conftest.c >&5
configure:3477: $? = 0
configure:3498: result: o
configure:3502: checking whether we are using the GNU C compiler
configure:3521: gcc -c   conftest.c >&5
configure:3521: $? = 0
configure:3530: result: yes
configure:3539: checking whether gcc accepts -g
configure:3559: gcc -c -g  conftest.c >&5
configure:3559: $? = 0
configure:3600: result: yes
configure:3617: checking for gcc option to accept ISO C89
configure:3680: gcc  -c -g -O2  conftest.c >&5
configure:3680: $? = 0
configure:3693: result: none needed
configure:3718: checking whether gcc understands -c and -o together
configure:3740: gcc -c conftest.c -o conftest2.o
configure:3743: $? = 0
configure:3740: gcc -c conftest.c -o conftest2.o
configure:3743: $? = 0
configure:3755: result: yes
configure:3783: checking for style of include used by make
configure:3811: result: GNU
configure:3837: checking dependency style of gcc
configure:3948: result: gcc3
configure:3965: checking dependency style of gcc
configure:4076: result: gcc3
configure:4121: checking build system type
configure:4135: result: x86_64-apple-darwin13.4.0
configure:4155: checking host system type
configure:4168: result: x86_64-apple-darwin13.4.0
configure:4209: checking how to print strings
configure:4236: result: printf
configure:4257: checking for a sed that does not truncate output
configure:4321: result: /opt/local/bin/gsed
configure:4339: checking for grep that handles long lines and -e
configure:4397: result: /usr/bin/grep
configure:4402: checking for egrep
configure:4464: result: /usr/bin/grep -E
configure:4469: checking for fgrep
configure:4531: result: /usr/bin/grep -F
configure:4566: checking for ld used by gcc
configure:4633: result: /opt/local/bin/ld
configure:4640: checking if the linker (/opt/local/bin/ld) is GNU ld
configure:4655: result: no
configure:4667: checking for BSD- or MS-compatible name lister (nm)
configure:4721: result: /opt/local/bin/nm
configure:4851: checking the name lister (/opt/local/bin/nm) interface
configure:4858: gcc -c -g -O2  conftest.c >&5
configure:4861: /opt/local/bin/nm "conftest.o"
configure:4864: output
0000000000000188 S _some_variable
configure:4871: result: BSD nm
configure:4874: checking whether ln -s works
configure:4878: result: yes
configure:4886: checking the maximum length of command line arguments
configure:5017: result: 196608
configure:5065: checking how to convert x86_64-apple-darwin13.4.0 file names to x86_64-apple-darwin13.4.0 format
configure:5105: result: func_convert_file_noop
configure:5112: checking how to convert x86_64-apple-darwin13.4.0 file names to toolchain format
configure:5132: result: func_convert_file_noop
configure:5139: checking for /opt/local/bin/ld option to reload object files
configure:5146: result: -r
configure:5220: checking for objdump
configure:5250: result: no
configure:5279: checking how to recognize dependent libraries
configure:5479: result: pass_all
configure:5564: checking for dlltool
configure:5594: result: no
configure:5624: checking how to associate runtime and link libraries
configure:5651: result: printf %s\n
configure:5712: checking for ar
configure:5728: found /opt/local/bin/ar
configure:5739: result: ar
configure:5776: checking for archiver @FILE support
configure:5793: gcc -c -g -O2  conftest.c >&5
configure:5793: $? = 0
configure:5796: ar cru libconftest.a @conftest.lst >&5
ar: @conftest.lst: No such file or directory
configure:5799: $? = 1
configure:5819: result: no
configure:5877: checking for strip
configure:5893: found /opt/local/bin/strip
configure:5904: result: strip
configure:5976: checking for ranlib
configure:5992: found /opt/local/bin/ranlib
configure:6003: result: ranlib
configure:6105: checking command to parse /opt/local/bin/nm output from gcc object
configure:6258: gcc -c -g -O2  conftest.c >&5
configure:6261: $? = 0
configure:6265: /opt/local/bin/nm conftest.o \| sed -n -e 's/^.*[ ]\([BCDEGRST][BCDEGRST]*\)[ ][ ]*\([_A-Za-z][_A-Za-z0-9]*\)$/\1 \2 \2/p' | sed '/ __gnu_lto/d' \> conftest.nm
configure:6268: $? = 0
cannot find nm_test_var in conftest.nm
configure:6258: gcc -c -g -O2  conftest.c >&5
configure:6261: $? = 0
configure:6265: /opt/local/bin/nm conftest.o \| sed -n -e 's/^.*[ ]\([BCDEGRST][BCDEGRST]*\)[ ][ ]*_\([_A-Za-z][_A-Za-z0-9]*\)$/\1 _\2 \2/p' | sed '/ __gnu_lto/d' \> conftest.nm
configure:6268: $? = 0
configure:6334: gcc -o conftest -g -O2   conftest.c conftstm.o >&5
configure:6337: $? = 0
configure:6375: result: ok
configure:6422: checking for sysroot
configure:6452: result: no
configure:6459: checking for a working dd
configure:6497: result: /bin/dd
configure:6501: checking how to truncate binary pipes
configure:6516: result: /bin/dd bs=4096 count=1
configure:6845: checking for mt
configure:6875: result: no
configure:6895: checking if : is a manifest tool
configure:6901: : '-?'
configure:6909: result: no
configure:6965: checking for dsymutil
configure:6981: found /usr/bin/dsymutil
configure:6992: result: dsymutil
configure:7057: checking for nmedit
configure:7073: found /opt/local/bin/nmedit
configure:7084: result: nmedit
configure:7149: checking for lipo
configure:7165: found /opt/local/bin/lipo
configure:7176: result: lipo
configure:7241: checking for otool
configure:7257: found /opt/local/bin/otool
configure:7268: result: otool
configure:7333: checking for otool64
configure:7363: result: no
configure:7408: checking for -single_module linker flag
gcc -g -O2  -o libconftest.dylib -dynamiclib -Wl,-single_module conftest.c
configure:7441: result: yes
configure:7444: checking for -exported_symbols_list linker flag
configure:7464: gcc -o conftest -g -O2   -Wl,-exported_symbols_list,conftest.sym conftest.c  >&5
configure:7464: $? = 0
configure:7474: result: yes
configure:7477: checking for -force_load linker flag
gcc -g -O2 -c -o conftest.o conftest.c
ar cru libconftest.a conftest.o
ranlib libconftest.a
gcc -g -O2  -o conftest conftest.c -Wl,-force_load,./libconftest.a
configure:7509: result: yes
configure:7586: checking how to run the C preprocessor
configure:7617: gcc -E  conftest.c
configure:7617: $? = 0
configure:7631: gcc -E  conftest.c
conftest.c:13:28: fatal error: ac_nonexistent.h: No such file or directory
 #include <ac_nonexistent.h>
                            ^
compilation terminated.
configure:7631: $? = 1
configure: failed program was:
| /* confdefs.h */
| #define PACKAGE_NAME "libest"
| #define PACKAGE_TARNAME "libest"
| #define PACKAGE_VERSION "2.1.0p"
| #define PACKAGE_STRING "libest 2.1.0p"
| #define PACKAGE_BUGREPORT "libest-dev"
| #define PACKAGE_URL ""
| #define PACKAGE "libest"
| #define VERSION "2.1.0p"
| #define PACKAGE "libest"
| #define VERSION "2.1.0p"
| /* end confdefs.h.  */
| #include <ac_nonexistent.h>
configure:7656: result: gcc -E
configure:7676: gcc -E  conftest.c
configure:7676: $? = 0
configure:7690: gcc -E  conftest.c
conftest.c:13:28: fatal error: ac_nonexistent.h: No such file or directory
 #include <ac_nonexistent.h>
                            ^
compilation terminated.
configure:7690: $? = 1
configure: failed program was:
| /* confdefs.h */
| #define PACKAGE_NAME "libest"
| #define PACKAGE_TARNAME "libest"
| #define PACKAGE_VERSION "2.1.0p"
| #define PACKAGE_STRING "libest 2.1.0p"
| #define PACKAGE_BUGREPORT "libest-dev"
| #define PACKAGE_URL ""
| #define PACKAGE "libest"
| #define VERSION "2.1.0p"
| #define PACKAGE "libest"
| #define VERSION "2.1.0p"
| /* end confdefs.h.  */
| #include <ac_nonexistent.h>
configure:7719: checking for ANSI C header files
configure:7739: gcc -c -g -O2  conftest.c >&5
configure:7739: $? = 0
configure:7812: gcc -o conftest -g -O2   conftest.c  >&5
configure:7812: $? = 0
configure:7812: ./conftest
configure:7812: $? = 0
configure:7823: result: yes
configure:7836: checking for sys/types.h
configure:7836: gcc -c -g -O2  conftest.c >&5
configure:7836: $? = 0
configure:7836: result: yes
configure:7836: checking for sys/stat.h
configure:7836: gcc -c -g -O2  conftest.c >&5
configure:7836: $? = 0
configure:7836: result: yes
configure:7836: checking for stdlib.h
configure:7836: gcc -c -g -O2  conftest.c >&5
configure:7836: $? = 0
configure:7836: result: yes
configure:7836: checking for string.h
configure:7836: gcc -c -g -O2  conftest.c >&5
configure:7836: $? = 0
configure:7836: result: yes
configure:7836: checking for memory.h
configure:7836: gcc -c -g -O2  conftest.c >&5
configure:7836: $? = 0
configure:7836: result: yes
configure:7836: checking for strings.h
configure:7836: gcc -c -g -O2  conftest.c >&5
configure:7836: $? = 0
configure:7836: result: yes
configure:7836: checking for inttypes.h
configure:7836: gcc -c -g -O2  conftest.c >&5
configure:7836: $? = 0
configure:7836: result: yes
configure:7836: checking for stdint.h
configure:7836: gcc -c -g -O2  conftest.c >&5
configure:7836: $? = 0
configure:7836: result: yes
configure:7836: checking for unistd.h
configure:7836: gcc -c -g -O2  conftest.c >&5
configure:7836: $? = 0
configure:7836: result: yes
configure:7850: checking for dlfcn.h
configure:7850: gcc -c -g -O2  conftest.c >&5
configure:7850: $? = 0
configure:7850: result: yes
configure:8106: checking for objdir
configure:8121: result: .libs
configure:8385: checking if gcc supports -fno-rtti -fno-exceptions
configure:8403: gcc -c -g -O2  -fno-rtti -fno-exceptions conftest.c >&5
cc1: warning: command line option '-fno-rtti' is valid for C++/ObjC++ but not for C
configure:8407: $? = 0
configure:8420: result: no
configure:8778: checking for gcc option to produce PIC
configure:8785: result: -fno-common -DPIC
configure:8793: checking if gcc PIC flag -fno-common -DPIC works
configure:8811: gcc -c -g -O2  -fno-common -DPIC -DPIC conftest.c >&5
configure:8815: $? = 0
configure:8828: result: yes
configure:8857: checking if gcc static flag -static works
configure:8885: result: no
configure:8900: checking if gcc supports -c -o file.o
configure:8921: gcc -c -g -O2  -o out/conftest2.o conftest.c >&5
configure:8925: $? = 0
configure:8947: result: yes
configure:8955: checking if gcc supports -c -o file.o
configure:9002: result: yes
configure:9035: checking whether the gcc linker (/opt/local/bin/ld) supports shared libraries
configure:10294: result: yes
configure:10534: checking dynamic linker characteristics
configure:11352: result: darwin13.4.0 dyld
configure:11474: checking how to hardcode library paths into programs
configure:11499: result: immediate
configure:12047: checking whether stripping libraries is possible
configure:12061: result: yes
configure:12087: checking if libtool supports shared libraries
configure:12089: result: yes
configure:12092: checking whether to build shared libraries
configure:12117: result: yes
configure:12120: checking whether to build static libraries
configure:12124: result: yes
configure:12171: checking Host OS is FreeBSD
configure:12185: result: FreeBSD not set
configure:12192: checking for dlopen in -ldl
configure:12217: gcc -o conftest -g -O2   conftest.c -ldl   >&5
configure:12217: $? = 0
configure:12226: result: yes
configure:12264: result: JNI support is disabled
configure:12298: result: pthread support is enabled
configure:12303: checking for pthread_create in -lpthread
configure:12328: gcc -o conftest -g -O2   conftest.c -lpthread  -ldl  >&5
configure:12328: $? = 0
configure:12337: result: yes
configure:12423: checking for EVP_EncryptInit in -lcrypto
configure:12448: gcc -o conftest -g -O2 -Wall -I/usr/local/pqpki-openssl1.0.2o/include   -L/usr/local/pqpki-openssl1.0.2o/lib conftest.c -lcrypto  -lpthread -ldl  >&5
configure:12448: $? = 0
configure:12457: result: yes
configure:12475: checking for SSL_CTX_new in -lssl
configure:12500: gcc -o conftest -g -O2 -Wall -I/usr/local/pqpki-openssl1.0.2o/include   -L/usr/local/pqpki-openssl1.0.2o/lib conftest.c -lssl  -lcrypto -lpthread -ldl  >&5
configure:12500: $? = 0
configure:12509: result: yes
configure:12828: checking that generated files are newer than configure
configure:12834: result: done
configure:12889: creating ./config.status

## ---------------------- ##
## Running config.status. ##
## ---------------------- ##

This file was extended by libest config.status 2.1.0p, which was
generated by GNU Autoconf 2.69.  Invocation command line was

  CONFIG_FILES    = 
  CONFIG_HEADERS  = 
  CONFIG_LINKS    = 
  CONFIG_COMMANDS = 
  $ ./config.status 

on Macintosh-109add6f31eb.local

config.status:1031: creating Makefile
config.status:1031: creating version
config.status:1031: creating safe_c_stub/Makefile
config.status:1031: creating safe_c_stub/lib/Makefile
config.status:1031: creating java/jni/Makefile
config.status:1031: creating src/Makefile
config.status:1031: creating src/est/Makefile
config.status:1031: creating example/client/Makefile
config.status:1031: creating example/client-simple/Makefile
config.status:1031: creating example/server/Makefile
config.status:1031: creating example/proxy/Makefile
config.status:1203: executing depfiles commands
config.status:1203: executing libtool commands

## ---------------- ##
## Cache variables. ##
## ---------------- ##

ac_cv_build=x86_64-apple-darwin13.4.0
ac_cv_c_compiler_gnu=yes
ac_cv_env_CC_set=
ac_cv_env_CC_value=
ac_cv_env_CFLAGS_set=
ac_cv_env_CFLAGS_value=
ac_cv_env_CPPFLAGS_set=
ac_cv_env_CPPFLAGS_value=
ac_cv_env_CPP_set=
ac_cv_env_CPP_value=
ac_cv_env_LDFLAGS_set=
ac_cv_env_LDFLAGS_value=
ac_cv_env_LIBS_set=
ac_cv_env_LIBS_value=
ac_cv_env_LT_SYS_LIBRARY_PATH_set=
ac_cv_env_LT_SYS_LIBRARY_PATH_value=
ac_cv_env_build_alias_set=
ac_cv_env_build_alias_value=
ac_cv_env_host_alias_set=
ac_cv_env_host_alias_value=
ac_cv_env_target_alias_set=
ac_cv_env_target_alias_value=
ac_cv_header_dlfcn_h=yes
ac_cv_header_inttypes_h=yes
ac_cv_header_memory_h=yes
ac_cv_header_stdc=yes
ac_cv_header_stdint_h=yes
ac_cv_header_stdlib_h=yes
ac_cv_header_string_h=yes
ac_cv_header_strings_h=yes
ac_cv_header_sys_stat_h=yes
ac_cv_header_sys_types_h=yes
ac_cv_header_unistd_h=yes
ac_cv_host=x86_64-apple-darwin13.4.0
ac_cv_lib_crypto_EVP_EncryptInit=yes
ac_cv_lib_dl_dlopen=yes
ac_cv_lib_pthread_pthread_create=yes
ac_cv_lib_ssl_SSL_CTX_new=yes
ac_cv_objext=o
ac_cv_path_EGREP='/usr/bin/grep -E'
ac_cv_path_FGREP='/usr/bin/grep -F'
ac_cv_path_GREP=/usr/bin/grep
ac_cv_path_SED=/opt/local/bin/gsed
ac_cv_path_install='/sw/bin/ginstall -c'
ac_cv_path_lt_DD=/bin/dd
ac_cv_path_mkdir=/sw/bin/gmkdir
ac_cv_prog_AWK=awk
ac_cv_prog_CPP='gcc -E'
ac_cv_prog_ac_ct_AR=ar
ac_cv_prog_ac_ct_CC=gcc
ac_cv_prog_ac_ct_DSYMUTIL=dsymutil
ac_cv_prog_ac_ct_LIPO=lipo
ac_cv_prog_ac_ct_NMEDIT=nmedit
ac_cv_prog_ac_ct_OTOOL=otool
ac_cv_prog_ac_ct_RANLIB=ranlib
ac_cv_prog_ac_ct_STRIP=strip
ac_cv_prog_cc_c89=
ac_cv_prog_cc_g=yes
ac_cv_prog_make_make_set=yes
am_cv_CC_dependencies_compiler_type=gcc3
am_cv_make_support_nested_variables=yes
am_cv_prog_cc_c_o=yes
lt_cv_apple_cc_single_mod=yes
lt_cv_ar_at_file=no
lt_cv_deplibs_check_method=pass_all
lt_cv_file_magic_cmd='$MAGIC_CMD'
lt_cv_file_magic_test_file=
lt_cv_ld_exported_symbols_list=yes
lt_cv_ld_force_load=yes
lt_cv_ld_reload_flag=-r
lt_cv_nm_interface='BSD nm'
lt_cv_objdir=.libs
lt_cv_path_LD=/opt/local/bin/ld
lt_cv_path_NM=/opt/local/bin/nm
lt_cv_path_mainfest_tool=no
lt_cv_prog_compiler_c_o=yes
lt_cv_prog_compiler_pic='-fno-common -DPIC'
lt_cv_prog_compiler_pic_works=yes
lt_cv_prog_compiler_rtti_exceptions=no
lt_cv_prog_compiler_static_works=no
lt_cv_prog_gnu_ld=no
lt_cv_sharedlib_from_linklib_cmd='printf %s\n'
lt_cv_sys_global_symbol_pipe='sed -n -e '\''s/^.*[	 ]\([BCDEGRST][BCDEGRST]*\)[	 ][	 ]*_\([_A-Za-z][_A-Za-z0-9]*\)$/\1 _\2 \2/p'\'' | sed '\''/ __gnu_lto/d'\'''
lt_cv_sys_global_symbol_to_c_name_address='sed -n -e '\''s/^: \(.*\) .*$/  {"\1", (void *) 0},/p'\'' -e '\''s/^[BCDEGRST][BCDEGRST]* .* \(.*\)$/  {"\1", (void *) \&\1},/p'\'''
lt_cv_sys_global_symbol_to_c_name_address_lib_prefix='sed -n -e '\''s/^: \(.*\) .*$/  {"\1", (void *) 0},/p'\'' -e '\''s/^[BCDEGRST][BCDEGRST]* .* \(lib.*\)$/  {"\1", (void *) \&\1},/p'\'' -e '\''s/^[BCDEGRST][BCDEGRST]* .* \(.*\)$/  {"lib\1", (void *) \&\1},/p'\'''
lt_cv_sys_global_symbol_to_cdecl='sed -n -e '\''s/^T .* \(.*\)$/extern int \1();/p'\'' -e '\''s/^[BCDEGRST][BCDEGRST]* .* \(.*\)$/extern char \1;/p'\'''
lt_cv_sys_global_symbol_to_import=
lt_cv_sys_max_cmd_len=196608
lt_cv_to_host_file_cmd=func_convert_file_noop
lt_cv_to_tool_file_cmd=func_convert_file_noop
lt_cv_truncate_bin='/bin/dd bs=4096 count=1'

## ----------------- ##
## Output variables. ##
## ----------------- ##

ACLOCAL='${SHELL} /Users/tonyblake/libest/config/missing aclocal-1.15'
AMDEPBACKSLASH='\'
AMDEP_FALSE='#'
AMDEP_TRUE=''
AMTAR='$${TAR-tar}'
AM_BACKSLASH='\'
AM_DEFAULT_V='$(AM_DEFAULT_VERBOSITY)'
AM_DEFAULT_VERBOSITY='1'
AM_V='$(V)'
AR='ar'
AUTOCONF='${SHELL} /Users/tonyblake/libest/config/missing autoconf'
AUTOHEADER='${SHELL} /Users/tonyblake/libest/config/missing autoheader'
AUTOMAKE='${SHELL} /Users/tonyblake/libest/config/missing automake-1.15'
AWK='awk'
CC='gcc'
CCDEPMODE='depmode=gcc3'
CFLAGS='-g -O2 -Wall -I/usr/local/pqpki-openssl1.0.2o/include -Wall -I$(abs_top_builddir)/safe_c_stub/include'
CPP='gcc -E'
CPPFLAGS=''
CYGPATH_W='echo'
DEFS='-DPACKAGE_NAME=\"libest\" -DPACKAGE_TARNAME=\"libest\" -DPACKAGE_VERSION=\"2.1.0p\" -DPACKAGE_STRING=\"libest\ 2.1.0p\" -DPACKAGE_BUGREPORT=\"libest-dev\" -DPACKAGE_URL=\"\" -DPACKAGE=\"libest\" -DVERSION=\"2.1.0p\" -DPACKAGE=\"libest\" -DVERSION=\"2.1.0p\" -DSTDC_HEADERS=1 -DHAVE_SYS_TYPES_H=1 -DHAVE_SYS_STAT_H=1 -DHAVE_STDLIB_H=1 -DHAVE_STRING_H=1 -DHAVE_MEMORY_H=1 -DHAVE_STRINGS_H=1 -DHAVE_INTTYPES_H=1 -DHAVE_STDINT_H=1 -DHAVE_UNISTD_H=1 -DHAVE_DLFCN_H=1 -DLT_OBJDIR=\".libs/\" -DHAVE_LIBDL=1 -DHAVE_LIBPTHREAD=1 -DHAVE_LIBCRYPTO=1 -DHAVE_LIBSSL=1'
DEPDIR='.deps'
DISABLE_PTHREAD_FALSE=''
DISABLE_PTHREAD_TRUE='#'
DLLTOOL='false'
DSYMUTIL='dsymutil'
DUMPBIN=''
ECHO_C='\c'
ECHO_N=''
ECHO_T=''
EGREP='/usr/bin/grep -E'
ENABLE_JNI_FALSE=''
ENABLE_JNI_TRUE='#'
EXEEXT=''
FGREP='/usr/bin/grep -F'
FREEBSD_FALSE=''
FREEBSD_TRUE='#'
GREP='/usr/bin/grep'
INSTALL_DATA='${INSTALL} -m 644'
INSTALL_PROGRAM='${INSTALL}'
INSTALL_SCRIPT='${INSTALL}'
INSTALL_STRIP_PROGRAM='$(install_sh) -c -s'
JAVA_HOME_SET_FALSE=''
JAVA_HOME_SET_TRUE='#'
LD='/opt/local/bin/ld'
LDFLAGS=' -L/usr/local/pqpki-openssl1.0.2o/lib -L$(abs_top_builddir)/safe_c_stub/lib'
LIBOBJS=''
LIBS='-lssl -lcrypto -lpthread -ldl  -lsafe_lib'
LIBTOOL='$(SHELL) $(top_builddir)/libtool'
LIPO='lipo'
LN_S='ln -s'
LTLIBOBJS=''
LT_SYS_LIBRARY_PATH=''
MAINT='#'
MAINTAINER_MODE_FALSE=''
MAINTAINER_MODE_TRUE='#'
MAKEINFO='${SHELL} /Users/tonyblake/libest/config/missing makeinfo'
MANIFEST_TOOL=':'
MKDIR_P='/sw/bin/gmkdir -p'
NM='/opt/local/bin/nm'
NMEDIT='nmedit'
OBJDUMP='false'
OBJEXT='o'
OTOOL64=':'
OTOOL='otool'
PACKAGE='libest'
PACKAGE_BUGREPORT='libest-dev'
PACKAGE_NAME='libest'
PACKAGE_STRING='libest 2.1.0p'
PACKAGE_TARNAME='libest'
PACKAGE_URL=''
PACKAGE_VERSION='2.1.0p'
PATH_SEPARATOR=':'
RANLIB='ranlib'
SAFEC_CFLAGS='$(abs_top_builddir)/safe_c_stub/include'
SAFEC_DIR='$(abs_top_builddir)/safe_c_stub'
SAFEC_LDFLAGS='$(abs_top_builddir)/safe_c_stub/lib'
SAFEC_STUB_DIR='$(abs_top_builddir)/safe_c_stub'
SED='/opt/local/bin/gsed'
SET_MAKE=''
SHELL='/bin/sh'
SSL_CFLAGS='/usr/local/pqpki-openssl1.0.2o/include'
SSL_LDFLAGS='/usr/local/pqpki-openssl1.0.2o/lib'
STRIP='strip'
VERSION='2.1.0p'
ac_ct_AR='ar'
ac_ct_CC='gcc'
ac_ct_DUMPBIN=''
am__EXEEXT_FALSE=''
am__EXEEXT_TRUE='#'
am__fastdepCC_FALSE='#'
am__fastdepCC_TRUE=''
am__include='include'
am__isrc=''
am__leading_dot='.'
am__nodep='_no'
am__quote=''
am__tar='$${TAR-tar} chof - "$$tardir"'
am__untar='$${TAR-tar} xf -'
bindir='${exec_prefix}/bin'
build='x86_64-apple-darwin13.4.0'
build_alias=''
build_cpu='x86_64'
build_os='darwin13.4.0'
build_vendor='apple'
datadir='${datarootdir}'
datarootdir='${prefix}/share'
docdir='${datarootdir}/doc/${PACKAGE_TARNAME}'
dvidir='${docdir}'
exec_prefix='${prefix}'
host='x86_64-apple-darwin13.4.0'
host_alias=''
host_cpu='x86_64'
host_os='darwin13.4.0'
host_vendor='apple'
htmldir='${docdir}'
includedir='${prefix}/include'
infodir='${datarootdir}/info'
install_sh='${SHELL} /Users/tonyblake/libest/config/install-sh'
libdir='${exec_prefix}/lib'
libexecdir='${exec_prefix}/libexec'
localedir='${datarootdir}/locale'
localstatedir='${prefix}/var'
mandir='${datarootdir}/man'
mkdir_p='$(MKDIR_P)'
oldincludedir='/usr/include'
pdfdir='${docdir}'
prefix='/usr/local/est'
program_transform_name='s,x,x,'
psdir='${docdir}'
runstatedir='${localstatedir}/run'
sbindir='${exec_prefix}/sbin'
sharedstatedir='${prefix}/com'
sysconfdir='${prefix}/etc'
target_alias=''

## ----------- ##
## confdefs.h. ##
## ----------- ##

/* confdefs.h */
#define PACKAGE_NAME "libest"
#define PACKAGE_TARNAME "libest"
#define PACKAGE_VERSION "2.1.0p"
#define PACKAGE_STRING "libest 2.1.0p"
#define PACKAGE_BUGREPORT "libest-dev"
#define PACKAGE_URL ""
#define PACKAGE "libest"
#define VERSION "2.1.0p"
#define PACKAGE "libest"
#define VERSION "2.1.0p"
#define STDC_HEADERS 1
#define HAVE_SYS_TYPES_H 1
#define HAVE_SYS_STAT_H 1
#define HAVE_STDLIB_H 1
#define HAVE_STRING_H 1
#define HAVE_MEMORY_H 1
#define HAVE_STRINGS_H 1
#define HAVE_INTTYPES_H 1
#define HAVE_STDINT_H 1
#define HAVE_UNISTD_H 1
#define HAVE_DLFCN_H 1
#define LT_OBJDIR ".libs/"
#define HAVE_LIBDL 1
#define HAVE_LIBPTHREAD 1
#define HAVE_LIBCRYPTO 1
#define HAVE_LIBSSL 1

configure: exit 0
